<?xml version="1.0" encoding="UTF-8"?>
<!-- Generated by org.testng.reporters.JUnitReportReporter -->
<testsuite skipped="0" hostname="DESKTOP-INFPL24" name="Selenium.CoderzTest" tests="1" failures="0" timestamp="02 Jun 2019 07:36:59 GMT" time="15.110" errors="0">
  <testcase name="ExpiredUser" time="15.110" classname="Selenium.CoderzTest"/>
</testsuite> <!-- Selenium.CoderzTest -->
